<?xml version="1.0" encoding="UTF-8"?>
<!-- Generated by org.testng.reporters.JUnitReportReporter -->
<testsuite hostname="DESKTOP-T4TAO8P" failures="1" tests="10" name="com.qa.kfc.test.HeaderTest" time="15.577" errors="0" timestamp="2025-07-15T06:14:28 IST" skipped="0">
  <testcase classname="com.qa.kfc.test.HeaderTest" name="verifyKfcLogoIsVisible" time="0.081"/>
  <testcase classname="com.qa.kfc.test.HeaderTest" name="verifyMenuBtnIsVisible" time="0.013"/>
  <testcase classname="com.qa.kfc.test.HeaderTest" name="verifydealBtnIsVisible" time="0.012"/>
  <testcase classname="com.qa.kfc.test.HeaderTest" name="verifySignBtnIsVisible" time="0.017"/>
  <testcase classname="com.qa.kfc.test.HeaderTest" name="verifyCartIocnIsVisible" time="0.014"/>
  <testcase classname="com.qa.kfc.test.HeaderTest" name="verifyClickActionOnKfcLogo" time="2.094"/>
  <testcase classname="com.qa.kfc.test.HeaderTest" name="verifyClickActionOnMenuBtn" time="2.926"/>
  <testcase classname="com.qa.kfc.test.HeaderTest" name="verifyClickActionOnDealBtn" time="2.228"/>
  <testcase classname="com.qa.kfc.test.HeaderTest" name="verifyClickActionOnSigBtn" time="2.453">
    <failure message="expected [KFC] but found [KFC SIGN IN]" type="java.lang.AssertionError">
      <![CDATA[java.lang.AssertionError: expected [KFC] but found [KFC SIGN IN]
at org.testng.Assert.fail(Assert.java:111)
at org.testng.Assert.failNotEquals(Assert.java:1578)
at org.testng.Assert.assertEqualsImpl(Assert.java:150)
at org.testng.Assert.assertEquals(Assert.java:132)
at org.testng.Assert.assertEquals(Assert.java:656)
at org.testng.Assert.assertEquals(Assert.java:666)
at com.qa.kfc.test.HeaderTest.verifyClickActionOnSigBtn(HeaderTest.java:102)
at java.base/jdk.internal.reflect.DirectMethodHandleAccessor.invoke(DirectMethodHandleAccessor.java:103)
at java.base/java.lang.reflect.Method.invoke(Method.java:580)
at org.testng.internal.invokers.MethodInvocationHelper.invokeMethod(MethodInvocationHelper.java:141)
at org.testng.internal.invokers.TestInvoker.invokeMethod(TestInvoker.java:686)
at org.testng.internal.invokers.TestInvoker.invokeTestMethod(TestInvoker.java:230)
at org.testng.internal.invokers.MethodRunner.runInSequence(MethodRunner.java:63)
at org.testng.internal.invokers.TestInvoker$MethodInvocationAgent.invoke(TestInvoker.java:992)
at org.testng.internal.invokers.TestInvoker.invokeTestMethods(TestInvoker.java:203)
at org.testng.internal.invokers.TestMethodWorker.invokeTestMethods(TestMethodWorker.java:154)
at org.testng.internal.invokers.TestMethodWorker.run(TestMethodWorker.java:134)
at java.base/java.util.ArrayList.forEach(ArrayList.java:1597)
at org.testng.TestRunner.privateRun(TestRunner.java:739)
at org.testng.TestRunner.run(TestRunner.java:614)
at org.testng.SuiteRunner.runTest(SuiteRunner.java:421)
at org.testng.SuiteRunner.runSequentially(SuiteRunner.java:413)
at org.testng.SuiteRunner.privateRun(SuiteRunner.java:373)
at org.testng.SuiteRunner.run(SuiteRunner.java:312)
at org.testng.SuiteRunnerWorker.runSuite(SuiteRunnerWorker.java:52)
at org.testng.SuiteRunnerWorker.run(SuiteRunnerWorker.java:95)
at org.testng.TestNG.runSuitesSequentially(TestNG.java:1274)
at org.testng.TestNG.runSuitesLocally(TestNG.java:1208)
at org.testng.TestNG.runSuites(TestNG.java:1112)
at org.testng.TestNG.run(TestNG.java:1079)
at org.testng.remote.AbstractRemoteTestNG.run(AbstractRemoteTestNG.java:115)
at org.testng.remote.RemoteTestNG.initAndRun(RemoteTestNG.java:293)
at org.testng.remote.RemoteTestNG.main(RemoteTestNG.java:91)
]]>
    </failure>
  </testcase> <!-- verifyClickActionOnSigBtn -->
  <testcase classname="com.qa.kfc.test.HeaderTest" name="verifyClickActionOnCartIocn" time="5.739"/>
</testsuite> <!-- com.qa.kfc.test.HeaderTest -->
